0:0:0:0:0:0:0:1 - - [04/Jun/2019:15:50:07 +0200] "GET /employees HTTP/1.1" 200 1583
0:0:0:0:0:0:0:1 - - [04/Jun/2019:15:50:08 +0200] "GET /css/bootstrap.min.css HTTP/1.1" 304 -
0:0:0:0:0:0:0:1 - - [04/Jun/2019:15:50:08 +0200] "GET /css/main.css HTTP/1.1" 304 -
0:0:0:0:0:0:0:1 - - [04/Jun/2019:15:50:12 +0200] "GET /albums HTTP/1.1" 404 307
0:0:0:0:0:0:0:1 - - [04/Jun/2019:15:50:16 +0200] "GET /albums HTTP/1.1" 404 307
0:0:0:0:0:0:0:1 - - [04/Jun/2019:15:50:28 +0200] "GET / HTTP/1.1" 200 140
0:0:0:0:0:0:0:1 - - [04/Jun/2019:15:50:28 +0200] "GET /employees HTTP/1.1" 200 1583
0:0:0:0:0:0:0:1 - - [04/Jun/2019:15:50:28 +0200] "GET /css/main.css HTTP/1.1" 200 88
0:0:0:0:0:0:0:1 - - [04/Jun/2019:15:50:28 +0200] "GET /css/bootstrap.min.css HTTP/1.1" 200 121200
0:0:0:0:0:0:0:1 - - [04/Jun/2019:15:51:16 +0200] "GET /employees HTTP/1.1" 200 1583
0:0:0:0:0:0:0:1 - - [04/Jun/2019:15:53:04 +0200] "GET /employees HTTP/1.1" 200 1583
0:0:0:0:0:0:0:1 - - [04/Jun/2019:15:53:09 +0200] "GET /employees HTTP/1.1" 200 1583
0:0:0:0:0:0:0:1 - - [04/Jun/2019:15:53:13 +0200] "GET /albums HTTP/1.1" 200 1542
0:0:0:0:0:0:0:1 - - [04/Jun/2019:15:54:20 +0200] "GET /albums HTTP/1.1" 200 1542
0:0:0:0:0:0:0:1 - - [04/Jun/2019:15:54:21 +0200] "GET /albums HTTP/1.1" 200 1542
0:0:0:0:0:0:0:1 - - [04/Jun/2019:15:54:22 +0200] "GET /albums HTTP/1.1" 200 1542
0:0:0:0:0:0:0:1 - - [04/Jun/2019:15:54:22 +0200] "GET /albums HTTP/1.1" 200 1542
0:0:0:0:0:0:0:1 - - [04/Jun/2019:15:54:22 +0200] "GET /albums HTTP/1.1" 200 1542
0:0:0:0:0:0:0:1 - - [04/Jun/2019:15:54:23 +0200] "GET /albums HTTP/1.1" 200 1542
0:0:0:0:0:0:0:1 - - [04/Jun/2019:15:54:26 +0200] "GET /albums HTTP/1.1" 200 1542
0:0:0:0:0:0:0:1 - - [04/Jun/2019:15:54:26 +0200] "GET /albums HTTP/1.1" 200 1542
0:0:0:0:0:0:0:1 - - [04/Jun/2019:15:54:26 +0200] "GET /albums HTTP/1.1" 200 1542
0:0:0:0:0:0:0:1 - - [04/Jun/2019:16:04:29 +0200] "GET /albums HTTP/1.1" 200 1530
0:0:0:0:0:0:0:1 - - [04/Jun/2019:16:19:28 +0200] "GET /albums HTTP/1.1" 200 1416
0:0:0:0:0:0:0:1 - - [04/Jun/2019:16:19:34 +0200] "GET /albums/12/songs HTTP/1.1" 200 1588
0:0:0:0:0:0:0:1 - - [04/Jun/2019:16:20:29 +0200] "GET / HTTP/1.1" 200 124
0:0:0:0:0:0:0:1 - - [04/Jun/2019:16:20:29 +0200] "GET /albums HTTP/1.1" 200 1416
0:0:0:0:0:0:0:1 - - [04/Jun/2019:16:20:34 +0200] "GET /employees HTTP/1.1" 200 1583
0:0:0:0:0:0:0:1 - - [04/Jun/2019:16:20:35 +0200] "GET /employees/1/entries HTTP/1.1" 200 1962
0:0:0:0:0:0:0:1 - - [04/Jun/2019:16:23:03 +0200] "GET /employees HTTP/1.1" 200 1583
0:0:0:0:0:0:0:1 - - [04/Jun/2019:16:23:05 +0200] "GET /employees HTTP/1.1" 200 1583
0:0:0:0:0:0:0:1 - - [04/Jun/2019:16:23:07 +0200] "GET /employees HTTP/1.1" 200 1583
0:0:0:0:0:0:0:1 - - [04/Jun/2019:16:23:09 +0200] "GET /employees HTTP/1.1" 200 1583
0:0:0:0:0:0:0:1 - - [04/Jun/2019:16:23:11 +0200] "GET /employees/1/entries HTTP/1.1" 200 1962
0:0:0:0:0:0:0:1 - - [04/Jun/2019:16:23:22 +0200] "GET /albums HTTP/1.1" 200 1416
0:0:0:0:0:0:0:1 - - [04/Jun/2019:16:23:25 +0200] "GET /albums/12/songs HTTP/1.1" 200 1590
0:0:0:0:0:0:0:1 - - [04/Jun/2019:16:32:31 +0200] "GET /albums HTTP/1.1" 200 1667
0:0:0:0:0:0:0:1 - - [04/Jun/2019:16:32:33 +0200] "GET /%7C/albums/new? HTTP/1.1" 404 307
0:0:0:0:0:0:0:1 - - [04/Jun/2019:16:32:36 +0200] "GET /%7C/albums/new? HTTP/1.1" 404 307
0:0:0:0:0:0:0:1 - - [04/Jun/2019:16:33:13 +0200] "GET /%7C/albums/new? HTTP/1.1" 404 307
0:0:0:0:0:0:0:1 - - [04/Jun/2019:16:33:17 +0200] "GET /albums/12/songs HTTP/1.1" 200 1726
0:0:0:0:0:0:0:1 - - [04/Jun/2019:16:33:21 +0200] "GET /albums/13/songs HTTP/1.1" 200 1726
0:0:0:0:0:0:0:1 - - [04/Jun/2019:16:36:17 +0200] "GET /albums HTTP/1.1" 200 1666
0:0:0:0:0:0:0:1 - - [04/Jun/2019:16:36:19 +0200] "GET /albums/new? HTTP/1.1" 500 11633
0:0:0:0:0:0:0:1 - - [04/Jun/2019:16:36:26 +0200] "GET /albums/new HTTP/1.1" 500 11633
0:0:0:0:0:0:0:1 - - [04/Jun/2019:16:36:29 +0200] "GET /albums/new HTTP/1.1" 500 11633
0:0:0:0:0:0:0:1 - - [04/Jun/2019:16:43:42 +0200] "GET /albums HTTP/1.1" 200 1666
0:0:0:0:0:0:0:1 - - [04/Jun/2019:16:43:45 +0200] "GET /albums/new? HTTP/1.1" 500 11633
0:0:0:0:0:0:0:1 - - [04/Jun/2019:16:44:22 +0200] "GET /albums/new HTTP/1.1" 500 11633
0:0:0:0:0:0:0:1 - - [04/Jun/2019:16:44:26 +0200] "GET /albums/new HTTP/1.1" 500 11633
0:0:0:0:0:0:0:1 - - [04/Jun/2019:16:44:31 +0200] "GET /albums/new/ HTTP/1.1" 500 11633
0:0:0:0:0:0:0:1 - - [04/Jun/2019:16:48:45 +0200] "GET /employees HTTP/1.1" 200 1583
0:0:0:0:0:0:0:1 - - [04/Jun/2019:16:48:46 +0200] "GET /employees/1/entries HTTP/1.1" 200 1962
0:0:0:0:0:0:0:1 - - [04/Jun/2019:16:48:48 +0200] "GET /employees/1/entries/new? HTTP/1.1" 200 1581
0:0:0:0:0:0:0:1 - - [04/Jun/2019:16:53:13 +0200] "GET /albums HTTP/1.1" 200 1666
0:0:0:0:0:0:0:1 - - [04/Jun/2019:16:53:14 +0200] "GET /albums/new? HTTP/1.1" 500 11633
0:0:0:0:0:0:0:1 - - [04/Jun/2019:16:53:18 +0200] "GET /albums/new? HTTP/1.1" 500 11633
0:0:0:0:0:0:0:1 - - [04/Jun/2019:16:54:21 +0200] "GET /albums HTTP/1.1" 200 1666
0:0:0:0:0:0:0:1 - - [04/Jun/2019:16:54:22 +0200] "GET /albums/new? HTTP/1.1" 200 1307
0:0:0:0:0:0:0:1 - - [04/Jun/2019:16:54:42 +0200] "POST /albums/new? HTTP/1.1" 302 -
0:0:0:0:0:0:0:1 - - [04/Jun/2019:16:54:42 +0200] "GET /albums HTTP/1.1" 200 1833
0:0:0:0:0:0:0:1 - - [04/Jun/2019:16:54:45 +0200] "GET /albums/23/songs HTTP/1.1" 200 1156
0:0:0:0:0:0:0:1 - - [04/Jun/2019:16:56:39 +0200] "GET /albums/new? HTTP/1.1" 200 1307
0:0:0:0:0:0:0:1 - - [04/Jun/2019:16:57:34 +0200] "GET /employees HTTP/1.1" 200 1583
0:0:0:0:0:0:0:1 - - [04/Jun/2019:16:57:38 +0200] "GET /employees HTTP/1.1" 200 1583
0:0:0:0:0:0:0:1 - - [04/Jun/2019:16:57:41 +0200] "GET /albums HTTP/1.1" 200 1666
0:0:0:0:0:0:0:1 - - [04/Jun/2019:16:57:43 +0200] "GET /albums/new? HTTP/1.1" 200 1307
0:0:0:0:0:0:0:1 - - [04/Jun/2019:16:57:53 +0200] "POST /albums/new? HTTP/1.1" 302 -
0:0:0:0:0:0:0:1 - - [04/Jun/2019:16:57:53 +0200] "GET /albums HTTP/1.1" 200 1824
0:0:0:0:0:0:0:1 - - [04/Jun/2019:16:57:55 +0200] "GET /albums/23/songs HTTP/1.1" 200 1147
0:0:0:0:0:0:0:1 - - [04/Jun/2019:17:00:05 +0200] "GET /employees HTTP/1.1" 200 1583
0:0:0:0:0:0:0:1 - - [04/Jun/2019:17:00:09 +0200] "GET /employees HTTP/1.1" 200 1583
0:0:0:0:0:0:0:1 - - [04/Jun/2019:17:00:12 +0200] "GET /albums HTTP/1.1" 200 1669
0:0:0:0:0:0:0:1 - - [04/Jun/2019:17:00:14 +0200] "GET /albums/new? HTTP/1.1" 200 1307
0:0:0:0:0:0:0:1 - - [04/Jun/2019:17:00:21 +0200] "POST /albums/new? HTTP/1.1" 302 -
0:0:0:0:0:0:0:1 - - [04/Jun/2019:17:00:21 +0200] "GET /albums HTTP/1.1" 200 1832
0:0:0:0:0:0:0:1 - - [04/Jun/2019:17:00:22 +0200] "GET /albums/23/songs HTTP/1.1" 200 1151
0:0:0:0:0:0:0:1 - - [04/Jun/2019:17:10:53 +0200] "GET /employees HTTP/1.1" 200 1577
0:0:0:0:0:0:0:1 - - [04/Jun/2019:17:10:55 +0200] "GET /albums HTTP/1.1" 200 1663
0:0:0:0:0:0:0:1 - - [04/Jun/2019:17:10:57 +0200] "GET /albums HTTP/1.1" 200 1663
0:0:0:0:0:0:0:1 - - [04/Jun/2019:17:10:58 +0200] "GET /albums HTTP/1.1" 200 1663
0:0:0:0:0:0:0:1 - - [04/Jun/2019:17:11:00 +0200] "GET /albums/new? HTTP/1.1" 200 1301
0:0:0:0:0:0:0:1 - - [04/Jun/2019:17:11:06 +0200] "GET /albums/12/songs HTTP/1.1" 200 1720
0:0:0:0:0:0:0:1 - - [04/Jun/2019:17:11:11 +0200] "GET /albums/14/songs HTTP/1.1" 200 1428
0:0:0:0:0:0:0:1 - - [04/Jun/2019:17:14:57 +0200] "GET /employees HTTP/1.1" 200 1551
0:0:0:0:0:0:0:1 - - [04/Jun/2019:17:15:03 +0200] "GET /employees HTTP/1.1" 200 1551
0:0:0:0:0:0:0:1 - - [04/Jun/2019:17:15:06 +0200] "GET /albums HTTP/1.1" 200 1637
0:0:0:0:0:0:0:1 - - [04/Jun/2019:17:15:08 +0200] "GET /albums HTTP/1.1" 200 1637
0:0:0:0:0:0:0:1 - - [04/Jun/2019:17:15:09 +0200] "GET /albums HTTP/1.1" 200 1637
0:0:0:0:0:0:0:1 - - [04/Jun/2019:17:40:39 +0200] "GET /albums HTTP/1.1" 200 1642
0:0:0:0:0:0:0:1 - - [04/Jun/2019:17:40:46 +0200] "GET /albums HTTP/1.1" 200 1642
0:0:0:0:0:0:0:1 - - [04/Jun/2019:17:40:48 +0200] "GET /albums/new? HTTP/1.1" 200 1275
0:0:0:0:0:0:0:1 - - [04/Jun/2019:17:41:22 +0200] "GET /albums/12/songs HTTP/1.1" 200 1694
0:0:0:0:0:0:0:1 - - [04/Jun/2019:17:41:25 +0200] "GET /albums/12/song/new? HTTP/1.1" 404 307
0:0:0:0:0:0:0:1 - - [04/Jun/2019:17:54:13 +0200] "GET /albums HTTP/1.1" 200 1642
0:0:0:0:0:0:0:1 - - [04/Jun/2019:17:54:15 +0200] "GET /albums/12/songs HTTP/1.1" 200 1694
0:0:0:0:0:0:0:1 - - [04/Jun/2019:17:54:17 +0200] "GET /albums/12/song/new? HTTP/1.1" 200 1577
0:0:0:0:0:0:0:1 - - [04/Jun/2019:17:54:25 +0200] "POST /albums/12/song/new? HTTP/1.1" 302 -
0:0:0:0:0:0:0:1 - - [04/Jun/2019:17:54:25 +0200] "GET /albums/12/songs HTTP/1.1" 200 1985
0:0:0:0:0:0:0:1 - - [04/Jun/2019:17:59:49 +0200] "GET /employees HTTP/1.1" 200 1551
0:0:0:0:0:0:0:1 - - [04/Jun/2019:18:09:57 +0200] "GET / HTTP/1.1" 200 124
0:0:0:0:0:0:0:1 - - [04/Jun/2019:18:09:57 +0200] "GET /albums HTTP/1.1" 200 1642
0:0:0:0:0:0:0:1 - - [04/Jun/2019:18:09:57 +0200] "GET /css/main.css HTTP/1.1" 200 88
0:0:0:0:0:0:0:1 - - [04/Jun/2019:18:09:57 +0200] "GET /css/bootstrap.min.css HTTP/1.1" 200 121200
0:0:0:0:0:0:0:1 - - [04/Jun/2019:18:10:01 +0200] "GET /albums HTTP/1.1" 200 1642
0:0:0:0:0:0:0:1 - - [04/Jun/2019:18:10:02 +0200] "GET /albums HTTP/1.1" 200 1642
0:0:0:0:0:0:0:1 - - [04/Jun/2019:18:10:04 +0200] "GET /albums/new? HTTP/1.1" 200 1275
0:0:0:0:0:0:0:1 - - [04/Jun/2019:18:10:15 +0200] "POST /albums/new? HTTP/1.1" 302 -
0:0:0:0:0:0:0:1 - - [04/Jun/2019:18:10:15 +0200] "GET /albums HTTP/1.1" 200 1812
0:0:0:0:0:0:0:1 - - [04/Jun/2019:18:10:17 +0200] "GET /albums/24/songs HTTP/1.1" 200 1126
0:0:0:0:0:0:0:1 - - [04/Jun/2019:18:10:18 +0200] "GET /albums/24/song/new? HTTP/1.1" 200 1577
0:0:0:0:0:0:0:1 - - [04/Jun/2019:18:10:30 +0200] "POST /albums/24/song/new? HTTP/1.1" 302 -
0:0:0:0:0:0:0:1 - - [04/Jun/2019:18:10:30 +0200] "GET /albums/24/songs HTTP/1.1" 200 1419
0:0:0:0:0:0:0:1 - - [04/Jun/2019:18:10:33 +0200] "GET /albums HTTP/1.1" 200 1812
0:0:0:0:0:0:0:1 - - [04/Jun/2019:18:10:35 +0200] "GET /albums/24/songs HTTP/1.1" 200 1419
0:0:0:0:0:0:0:1 - - [04/Jun/2019:18:10:39 +0200] "GET /albums HTTP/1.1" 200 1812
0:0:0:0:0:0:0:1 - - [04/Jun/2019:18:25:02 +0200] "GET /albums HTTP/1.1" 200 1642
0:0:0:0:0:0:0:1 - - [04/Jun/2019:18:25:05 +0200] "GET /genres HTTP/1.1" 200 1474
0:0:0:0:0:0:0:1 - - [04/Jun/2019:18:25:08 +0200] "GET /genres/15/songs HTTP/1.1" 500 10025
0:0:0:0:0:0:0:1 - - [04/Jun/2019:18:25:10 +0200] "GET /genres/new? HTTP/1.1" 200 1065
0:0:0:0:0:0:0:1 - - [04/Jun/2019:18:25:13 +0200] "GET /genres/16/songs HTTP/1.1" 500 10025
0:0:0:0:0:0:0:1 - - [04/Jun/2019:18:27:38 +0200] "GET /genres HTTP/1.1" 200 1611
0:0:0:0:0:0:0:1 - - [04/Jun/2019:18:28:57 +0200] "GET / HTTP/1.1" 304 -
0:0:0:0:0:0:0:1 - - [04/Jun/2019:18:28:58 +0200] "GET /albums HTTP/1.1" 200 1727
0:0:0:0:0:0:0:1 - - [04/Jun/2019:18:29:01 +0200] "GET /genres HTTP/1.1" 200 1559
0:0:0:0:0:0:0:1 - - [04/Jun/2019:18:30:31 +0200] "GET / HTTP/1.1" 304 -
0:0:0:0:0:0:0:1 - - [04/Jun/2019:18:30:31 +0200] "GET / HTTP/1.1" 200 124
0:0:0:0:0:0:0:1 - - [04/Jun/2019:18:30:32 +0200] "GET /albums HTTP/1.1" 200 1742
0:0:0:0:0:0:0:1 - - [04/Jun/2019:18:30:34 +0200] "GET /albums HTTP/1.1" 200 1742
0:0:0:0:0:0:0:1 - - [04/Jun/2019:18:30:35 +0200] "GET /albums HTTP/1.1" 200 1742
0:0:0:0:0:0:0:1 - - [04/Jun/2019:18:30:36 +0200] "GET /genres HTTP/1.1" 200 1574
0:0:0:0:0:0:0:1 - - [04/Jun/2019:18:30:36 +0200] "GET /albums HTTP/1.1" 200 1742
0:0:0:0:0:0:0:1 - - [04/Jun/2019:18:30:38 +0200] "GET /genres HTTP/1.1" 200 1574
0:0:0:0:0:0:0:1 - - [04/Jun/2019:18:30:39 +0200] "GET /genres/15/songs HTTP/1.1" 500 10025
0:0:0:0:0:0:0:1 - - [04/Jun/2019:18:30:43 +0200] "GET /genres/new? HTTP/1.1" 200 1165
0:0:0:0:0:0:0:1 - - [04/Jun/2019:18:30:47 +0200] "POST /genres/new? HTTP/1.1" 302 -
0:0:0:0:0:0:0:1 - - [04/Jun/2019:18:30:47 +0200] "GET /genres HTTP/1.1" 200 1701
0:0:0:0:0:0:0:1 - - [04/Jun/2019:18:30:51 +0200] "GET /genres/23/songs HTTP/1.1" 500 10025
0:0:0:0:0:0:0:1 - - [04/Jun/2019:18:35:17 +0200] "GET /albums HTTP/1.1" 200 1742
0:0:0:0:0:0:0:1 - - [04/Jun/2019:18:35:17 +0200] "GET /albums HTTP/1.1" 200 1742
0:0:0:0:0:0:0:1 - - [04/Jun/2019:18:35:18 +0200] "GET /genres HTTP/1.1" 200 1646
0:0:0:0:0:0:0:1 - - [04/Jun/2019:18:35:22 +0200] "GET /genres/new? HTTP/1.1" 200 1165
0:0:0:0:0:0:0:1 - - [04/Jun/2019:18:35:26 +0200] "POST /genres/new? HTTP/1.1" 302 -
0:0:0:0:0:0:0:1 - - [04/Jun/2019:18:35:26 +0200] "GET /genres HTTP/1.1" 200 1799
0:0:0:0:0:0:0:1 - - [04/Jun/2019:18:35:33 +0200] "GET /albums HTTP/1.1" 200 1742
0:0:0:0:0:0:0:1 - - [04/Jun/2019:18:35:40 +0200] "GET /albums/14/songs HTTP/1.1" 200 1502
0:0:0:0:0:0:0:1 - - [04/Jun/2019:18:35:41 +0200] "GET /albums/14/song/new? HTTP/1.1" 200 1557
0:0:0:0:0:0:0:1 - - [04/Jun/2019:19:29:37 +0200] "GET /albums HTTP/1.1" 200 1272
0:0:0:0:0:0:0:1 - - [04/Jun/2019:19:29:39 +0200] "GET /albums HTTP/1.1" 200 1742
0:0:0:0:0:0:0:1 - - [04/Jun/2019:19:29:40 +0200] "GET /albums HTTP/1.1" 200 1742
0:0:0:0:0:0:0:1 - - [04/Jun/2019:19:29:41 +0200] "GET /albums HTTP/1.1" 200 1742
0:0:0:0:0:0:0:1 - - [04/Jun/2019:19:29:41 +0200] "GET /albums HTTP/1.1" 200 1742
0:0:0:0:0:0:0:1 - - [04/Jun/2019:19:29:44 +0200] "GET /albums/12/songs HTTP/1.1" 200 1794
0:0:0:0:0:0:0:1 - - [04/Jun/2019:19:29:47 +0200] "GET /albums/12/song/new? HTTP/1.1" 500 10790
0:0:0:0:0:0:0:1 - - [04/Jun/2019:19:31:09 +0200] "GET /albums HTTP/1.1" 200 1742
0:0:0:0:0:0:0:1 - - [04/Jun/2019:19:31:12 +0200] "GET /albums/12/songs HTTP/1.1" 200 1794
0:0:0:0:0:0:0:1 - - [04/Jun/2019:19:31:15 +0200] "GET /albums/12/song/new? HTTP/1.1" 500 10790
0:0:0:0:0:0:0:1 - - [04/Jun/2019:19:31:44 +0200] "GET /albums/12/song/new? HTTP/1.1" 500 10790
0:0:0:0:0:0:0:1 - - [04/Jun/2019:19:41:48 +0200] "GET /albums HTTP/1.1" 200 1742
0:0:0:0:0:0:0:1 - - [04/Jun/2019:19:41:50 +0200] "GET /albums/13/songs HTTP/1.1" 200 1794
0:0:0:0:0:0:0:1 - - [04/Jun/2019:19:41:51 +0200] "GET /albums/13/song/new? HTTP/1.1" 200 1825
0:0:0:0:0:0:0:1 - - [04/Jun/2019:19:42:04 +0200] "POST /albums/13/song/new? HTTP/1.1" 302 -
0:0:0:0:0:0:0:1 - - [04/Jun/2019:19:42:04 +0200] "GET /albums/13/songs HTTP/1.1" 200 2082
0:0:0:0:0:0:0:1 - - [04/Jun/2019:19:42:07 +0200] "GET /genres HTTP/1.1" 200 1646
0:0:0:0:0:0:0:1 - - [04/Jun/2019:19:42:10 +0200] "GET /genres/new? HTTP/1.1" 200 1165
0:0:0:0:0:0:0:1 - - [04/Jun/2019:19:43:27 +0200] "GET /genres HTTP/1.1" 200 1646
0:0:0:0:0:0:0:1 - - [04/Jun/2019:19:43:28 +0200] "GET /albums HTTP/1.1" 200 1742
0:0:0:0:0:0:0:1 - - [04/Jun/2019:19:43:29 +0200] "GET /albums HTTP/1.1" 200 1742
0:0:0:0:0:0:0:1 - - [04/Jun/2019:19:43:29 +0200] "GET /genres HTTP/1.1" 200 1646
0:0:0:0:0:0:0:1 - - [04/Jun/2019:19:43:32 +0200] "GET /albums HTTP/1.1" 200 1742
0:0:0:0:0:0:0:1 - - [04/Jun/2019:19:44:56 +0200] "GET /albums/12/songs HTTP/1.1" 200 1794
0:0:0:0:0:0:0:1 - - [04/Jun/2019:19:44:58 +0200] "GET /genres HTTP/1.1" 200 1688
0:0:0:0:0:0:0:1 - - [04/Jun/2019:19:44:59 +0200] "GET /genres/15/update HTTP/1.1" 404 307
0:0:0:0:0:0:0:1 - - [04/Jun/2019:19:52:20 +0200] "GET /genres/15/update HTTP/1.1" 200 1176
0:0:0:0:0:0:0:1 - - [04/Jun/2019:19:52:23 +0200] "POST /genres/15/update HTTP/1.1" 302 -
0:0:0:0:0:0:0:1 - - [04/Jun/2019:19:52:24 +0200] "GET /genres HTTP/1.1" 200 1857
0:0:0:0:0:0:0:1 - - [04/Jun/2019:19:52:38 +0200] "GET /genres/15/update HTTP/1.1" 200 1176
0:0:0:0:0:0:0:1 - - [04/Jun/2019:19:52:41 +0200] "POST /genres/15/update HTTP/1.1" 302 -
0:0:0:0:0:0:0:1 - - [04/Jun/2019:19:52:41 +0200] "GET /genres HTTP/1.1" 200 2024
0:0:0:0:0:0:0:1 - - [04/Jun/2019:19:52:44 +0200] "GET /genres HTTP/1.1" 200 2024
0:0:0:0:0:0:0:1 - - [04/Jun/2019:19:52:46 +0200] "GET /genres HTTP/1.1" 200 2024
0:0:0:0:0:0:0:1 - - [04/Jun/2019:19:52:47 +0200] "GET /genres HTTP/1.1" 200 2024
0:0:0:0:0:0:0:1 - - [04/Jun/2019:19:52:47 +0200] "GET /albums HTTP/1.1" 200 1742
0:0:0:0:0:0:0:1 - - [04/Jun/2019:19:52:48 +0200] "GET /genres HTTP/1.1" 200 2024
0:0:0:0:0:0:0:1 - - [04/Jun/2019:19:59:39 +0200] "GET /albums HTTP/1.1" 200 1742
0:0:0:0:0:0:0:1 - - [04/Jun/2019:19:59:40 +0200] "GET /genres HTTP/1.1" 200 1688
0:0:0:0:0:0:0:1 - - [04/Jun/2019:19:59:42 +0200] "GET /genres/15/update HTTP/1.1" 200 1176
0:0:0:0:0:0:0:1 - - [04/Jun/2019:19:59:45 +0200] "POST /genres/15/update HTTP/1.1" 302 -
0:0:0:0:0:0:0:1 - - [04/Jun/2019:19:59:45 +0200] "GET /genres HTTP/1.1" 200 1689
0:0:0:0:0:0:0:1 - - [04/Jun/2019:19:59:53 +0200] "GET /albums HTTP/1.1" 200 1742
0:0:0:0:0:0:0:1 - - [04/Jun/2019:20:02:32 +0200] "GET /albums/12/songs HTTP/1.1" 200 1794
0:0:0:0:0:0:0:1 - - [04/Jun/2019:20:02:39 +0200] "GET /albums HTTP/1.1" 200 1742
0:0:0:0:0:0:0:1 - - [04/Jun/2019:20:02:40 +0200] "GET /albums HTTP/1.1" 200 1742
0:0:0:0:0:0:0:1 - - [04/Jun/2019:20:02:40 +0200] "GET /genres HTTP/1.1" 200 1689
0:0:0:0:0:0:0:1 - - [04/Jun/2019:20:02:41 +0200] "GET /albums HTTP/1.1" 200 1742
0:0:0:0:0:0:0:1 - - [04/Jun/2019:20:02:42 +0200] "GET /albums HTTP/1.1" 200 1742
0:0:0:0:0:0:0:1 - - [04/Jun/2019:20:02:43 +0200] "GET /albums/12/songs HTTP/1.1" 200 1794
0:0:0:0:0:0:0:1 - - [04/Jun/2019:20:04:29 +0200] "GET /genres HTTP/1.1" 200 1688
0:0:0:0:0:0:0:1 - - [04/Jun/2019:20:04:35 +0200] "GET /albums HTTP/1.1" 200 1742
0:0:0:0:0:0:0:1 - - [04/Jun/2019:20:04:36 +0200] "GET /albums/12/songs HTTP/1.1" 200 1866
0:0:0:0:0:0:0:1 - - [04/Jun/2019:20:10:22 +0200] "GET /albums HTTP/1.1" 200 1742
0:0:0:0:0:0:0:1 - - [04/Jun/2019:20:10:24 +0200] "GET /albums/12/songs HTTP/1.1" 200 1866
0:0:0:0:0:0:0:1 - - [04/Jun/2019:20:10:27 +0200] "GET /albums/12/song/new? HTTP/1.1" 200 1825
0:0:0:0:0:0:0:1 - - [04/Jun/2019:20:10:35 +0200] "POST /albums/12/song/new? HTTP/1.1" 302 -
0:0:0:0:0:0:0:1 - - [04/Jun/2019:20:10:36 +0200] "GET /albums/12/songs HTTP/1.1" 500 10293
0:0:0:0:0:0:0:1 - - [04/Jun/2019:20:18:36 +0200] "GET /albums/12/song/new? HTTP/1.1" 200 1825
0:0:0:0:0:0:0:1 - - [04/Jun/2019:20:18:40 +0200] "GET /albums HTTP/1.1" 200 1742
0:0:0:0:0:0:0:1 - - [04/Jun/2019:20:18:41 +0200] "GET /albums HTTP/1.1" 200 1742
0:0:0:0:0:0:0:1 - - [04/Jun/2019:20:18:51 +0200] "GET /albums/12/songs HTTP/1.1" 200 1866
0:0:0:0:0:0:0:1 - - [04/Jun/2019:20:19:47 +0200] "GET /albums/new? HTTP/1.1" 200 1375
0:0:0:0:0:0:0:1 - - [04/Jun/2019:20:19:52 +0200] "POST /albums/new? HTTP/1.1" 302 -
0:0:0:0:0:0:0:1 - - [04/Jun/2019:20:19:52 +0200] "GET /albums HTTP/1.1" 200 1899
0:0:0:0:0:0:0:1 - - [04/Jun/2019:20:19:56 +0200] "GET /albums/12/songs HTTP/1.1" 200 1866
0:0:0:0:0:0:0:1 - - [04/Jun/2019:20:19:59 +0200] "GET /albums/12/song/new? HTTP/1.1" 200 1825
0:0:0:0:0:0:0:1 - - [04/Jun/2019:20:20:08 +0200] "POST /albums/12/song/new? HTTP/1.1" 302 -
0:0:0:0:0:0:0:1 - - [04/Jun/2019:20:20:08 +0200] "GET /albums/12/songs HTTP/1.1" 200 2191
0:0:0:0:0:0:0:1 - - [04/Jun/2019:20:21:05 +0200] "GET /albums/12/song/new? HTTP/1.1" 200 1825
0:0:0:0:0:0:0:1 - - [04/Jun/2019:20:21:17 +0200] "GET /genres HTTP/1.1" 200 1688
0:0:0:0:0:0:0:1 - - [04/Jun/2019:20:21:20 +0200] "GET /genres/15/update HTTP/1.1" 200 1176
0:0:0:0:0:0:0:1 - - [04/Jun/2019:20:21:23 +0200] "POST /genres/15/update HTTP/1.1" 302 -
0:0:0:0:0:0:0:1 - - [04/Jun/2019:20:21:23 +0200] "GET /genres HTTP/1.1" 200 1692
0:0:0:0:0:0:0:1 - - [04/Jun/2019:20:21:26 +0200] "GET /albums HTTP/1.1" 200 1899
0:0:0:0:0:0:0:1 - - [04/Jun/2019:20:21:32 +0200] "GET /albums/12/songs HTTP/1.1" 200 2195
0:0:0:0:0:0:0:1 - - [04/Jun/2019:20:21:40 +0200] "GET /albums/12/song/new? HTTP/1.1" 200 1825
0:0:0:0:0:0:0:1 - - [04/Jun/2019:20:51:07 +0200] "GET /albums/12/song/new? HTTP/1.1" 200 1825
0:0:0:0:0:0:0:1 - - [04/Jun/2019:20:58:19 +0200] "GET /albums HTTP/1.1" 200 1739
0:0:0:0:0:0:0:1 - - [04/Jun/2019:20:58:19 +0200] "GET /genres HTTP/1.1" 200 1685
0:0:0:0:0:0:0:1 - - [04/Jun/2019:20:58:20 +0200] "GET /albums HTTP/1.1" 200 1739
0:0:0:0:0:0:0:1 - - [04/Jun/2019:20:58:22 +0200] "GET /albums/1/songs HTTP/1.1" 200 1865
0:0:0:0:0:0:0:1 - - [04/Jun/2019:20:58:24 +0200] "GET /albums/2/songs HTTP/1.1" 200 1865
0:0:0:0:0:0:0:1 - - [04/Jun/2019:20:58:27 +0200] "GET /albums/3/songs HTTP/1.1" 200 1548
0:0:0:0:0:0:0:1 - - [04/Jun/2019:20:58:33 +0200] "GET /albums/new? HTTP/1.1" 200 1375
127.0.0.1 - - [04/Jun/2019:21:13:25 +0200] "GET / HTTP/1.1" 304 -
127.0.0.1 - - [04/Jun/2019:21:13:26 +0200] "GET /albums HTTP/1.1" 200 1739
127.0.0.1 - - [04/Jun/2019:21:13:31 +0200] "GET /albums/new? HTTP/1.1" 200 1393
0:0:0:0:0:0:0:1 - - [04/Jun/2019:21:14:21 +0200] "GET /albums HTTP/1.1" 200 1739
0:0:0:0:0:0:0:1 - - [04/Jun/2019:21:14:22 +0200] "GET /albums HTTP/1.1" 200 1739
0:0:0:0:0:0:0:1 - - [04/Jun/2019:21:14:23 +0200] "GET /genres HTTP/1.1" 200 1685
0:0:0:0:0:0:0:1 - - [04/Jun/2019:21:14:23 +0200] "GET /albums HTTP/1.1" 200 1739
0:0:0:0:0:0:0:1 - - [04/Jun/2019:21:14:24 +0200] "GET /albums/new? HTTP/1.1" 200 1404
0:0:0:0:0:0:0:1 - - [04/Jun/2019:21:15:19 +0200] "GET /albums HTTP/1.1" 200 1739
0:0:0:0:0:0:0:1 - - [04/Jun/2019:21:15:20 +0200] "GET /albums HTTP/1.1" 200 1739
0:0:0:0:0:0:0:1 - - [04/Jun/2019:21:15:22 +0200] "GET /albums HTTP/1.1" 200 1739
0:0:0:0:0:0:0:1 - - [04/Jun/2019:21:15:23 +0200] "GET /albums/new? HTTP/1.1" 200 1393
0:0:0:0:0:0:0:1 - - [04/Jun/2019:21:17:35 +0200] "GET /albums HTTP/1.1" 200 1739
0:0:0:0:0:0:0:1 - - [04/Jun/2019:21:17:36 +0200] "GET /albums/new? HTTP/1.1" 200 1393
0:0:0:0:0:0:0:1 - - [04/Jun/2019:21:19:10 +0200] "GET /genres HTTP/1.1" 200 1685
127.0.0.1 - - [04/Jun/2019:21:19:10 +0200] "GET /genres HTTP/1.1" 200 1685
127.0.0.1 - - [04/Jun/2019:21:19:10 +0200] "GET /genres HTTP/1.1" 200 1685
0:0:0:0:0:0:0:1 - - [04/Jun/2019:21:19:10 +0200] "GET /genres HTTP/1.1" 200 1685
0:0:0:0:0:0:0:1 - - [04/Jun/2019:21:19:10 +0200] "GET /genres HTTP/1.1" 200 1685
127.0.0.1 - - [04/Jun/2019:21:19:10 +0200] "GET /genres HTTP/1.1" 200 1685
127.0.0.1 - - [04/Jun/2019:21:19:10 +0200] "GET /genres HTTP/1.1" 200 1685
0:0:0:0:0:0:0:1 - - [04/Jun/2019:21:19:10 +0200] "GET /genres HTTP/1.1" 200 1685
0:0:0:0:0:0:0:1 - - [04/Jun/2019:21:19:12 +0200] "GET /albums HTTP/1.1" 200 1739
0:0:0:0:0:0:0:1 - - [04/Jun/2019:21:19:13 +0200] "GET /albums/new? HTTP/1.1" 200 1393
0:0:0:0:0:0:0:1 - - [04/Jun/2019:21:19:22 +0200] "POST /albums/new? HTTP/1.1" 302 -
0:0:0:0:0:0:0:1 - - [04/Jun/2019:21:19:22 +0200] "GET /albums HTTP/1.1" 200 1893
0:0:0:0:0:0:0:1 - - [04/Jun/2019:21:20:37 +0200] "GET /albums/new? HTTP/1.1" 200 1401
0:0:0:0:0:0:0:1 - - [04/Jun/2019:21:22:28 +0200] "GET /albums HTTP/1.1" 200 1739
0:0:0:0:0:0:0:1 - - [04/Jun/2019:21:22:29 +0200] "GET /albums HTTP/1.1" 200 1739
0:0:0:0:0:0:0:1 - - [04/Jun/2019:21:22:30 +0200] "GET /albums/new? HTTP/1.1" 200 1404
0:0:0:0:0:0:0:1 - - [04/Jun/2019:21:33:37 +0200] "GET /genres HTTP/1.1" 200 1685
0:0:0:0:0:0:0:1 - - [04/Jun/2019:21:33:38 +0200] "GET /albums HTTP/1.1" 200 1739
0:0:0:0:0:0:0:1 - - [04/Jun/2019:21:33:39 +0200] "GET /albums/1/songs HTTP/1.1" 200 1839
0:0:0:0:0:0:0:1 - - [04/Jun/2019:21:33:40 +0200] "GET /albums/1/song/new? HTTP/1.1" 200 1825
0:0:0:0:0:0:0:1 - - [04/Jun/2019:21:35:59 +0200] "GET /albums HTTP/1.1" 200 1739
0:0:0:0:0:0:0:1 - - [04/Jun/2019:21:35:59 +0200] "GET /albums HTTP/1.1" 200 1739
0:0:0:0:0:0:0:1 - - [04/Jun/2019:21:36:02 +0200] "GET /albums/1/songs HTTP/1.1" 200 1839
0:0:0:0:0:0:0:1 - - [04/Jun/2019:21:36:03 +0200] "GET /albums/1/song/new? HTTP/1.1" 500 10790
0:0:0:0:0:0:0:1 - - [04/Jun/2019:21:37:50 +0200] "GET /albums HTTP/1.1" 200 1739
0:0:0:0:0:0:0:1 - - [04/Jun/2019:21:37:51 +0200] "GET /albums HTTP/1.1" 200 1739
0:0:0:0:0:0:0:1 - - [04/Jun/2019:21:37:53 +0200] "GET /albums/1/songs HTTP/1.1" 200 1839
0:0:0:0:0:0:0:1 - - [04/Jun/2019:21:37:55 +0200] "GET /albums/1/song/new? HTTP/1.1" 500 10789
0:0:0:0:0:0:0:1 - - [04/Jun/2019:21:41:26 +0200] "GET /albums/1/song/new? HTTP/1.1" 500 10790
127.0.0.1 - - [04/Jun/2019:21:52:12 +0200] "GET /albums HTTP/1.1" 200 1739
127.0.0.1 - - [04/Jun/2019:21:52:15 +0200] "GET /albums/1/songs HTTP/1.1" 200 1839
127.0.0.1 - - [04/Jun/2019:21:52:16 +0200] "GET /albums/1/song/new? HTTP/1.1" 500 10790
0:0:0:0:0:0:0:1 - - [04/Jun/2019:21:53:45 +0200] "GET /albums HTTP/1.1" 200 1739
0:0:0:0:0:0:0:1 - - [04/Jun/2019:21:53:45 +0200] "GET /albums HTTP/1.1" 200 1739
0:0:0:0:0:0:0:1 - - [04/Jun/2019:21:53:46 +0200] "GET /genres HTTP/1.1" 200 1685
0:0:0:0:0:0:0:1 - - [04/Jun/2019:21:53:48 +0200] "GET /albums HTTP/1.1" 200 1739
0:0:0:0:0:0:0:1 - - [04/Jun/2019:21:53:48 +0200] "GET /albums/1/songs HTTP/1.1" 200 1839
0:0:0:0:0:0:0:1 - - [04/Jun/2019:21:53:50 +0200] "GET /albums/1/song/new? HTTP/1.1" 200 1877
0:0:0:0:0:0:0:1 - - [04/Jun/2019:21:54:17 +0200] "POST /albums/1/song/new? HTTP/1.1" 302 -
0:0:0:0:0:0:0:1 - - [04/Jun/2019:21:54:17 +0200] "GET /albums/1/songs HTTP/1.1" 200 2137
0:0:0:0:0:0:0:1 - - [04/Jun/2019:21:55:50 +0200] "GET /albums/1/song/new? HTTP/1.1" 200 1913
0:0:0:0:0:0:0:1 - - [04/Jun/2019:21:56:02 +0200] "POST /albums/1/song/new? HTTP/1.1" 302 -
0:0:0:0:0:0:0:1 - - [04/Jun/2019:21:56:02 +0200] "GET /albums/1/songs HTTP/1.1" 200 2438
127.0.0.1 - - [04/Jun/2019:21:58:11 +0200] "GET /genres HTTP/1.1" 200 1685
127.0.0.1 - - [04/Jun/2019:21:58:14 +0200] "GET /albums HTTP/1.1" 200 1739
127.0.0.1 - - [04/Jun/2019:21:58:15 +0200] "GET /albums/new? HTTP/1.1" 200 1404
127.0.0.1 - - [04/Jun/2019:21:58:17 +0200] "GET /genres HTTP/1.1" 200 1685
127.0.0.1 - - [04/Jun/2019:21:58:19 +0200] "GET /albums HTTP/1.1" 200 1739
127.0.0.1 - - [04/Jun/2019:21:58:20 +0200] "GET /albums/1/songs HTTP/1.1" 200 1839
127.0.0.1 - - [04/Jun/2019:21:58:21 +0200] "GET /albums/1/song/new? HTTP/1.1" 200 1877
127.0.0.1 - - [04/Jun/2019:21:58:28 +0200] "POST /albums/1/song/new? HTTP/1.1" 500 14572
0:0:0:0:0:0:0:1 - - [04/Jun/2019:22:00:25 +0200] "POST /albums/1/song/new? HTTP/1.1" 500 14572
0:0:0:0:0:0:0:1 - - [04/Jun/2019:22:00:29 +0200] "POST /albums/1/song/new? HTTP/1.1" 500 14572
0:0:0:0:0:0:0:1 - - [04/Jun/2019:22:00:31 +0200] "POST /albums/1/song/new? HTTP/1.1" 500 14572
0:0:0:0:0:0:0:1 - - [04/Jun/2019:22:00:33 +0200] "GET /albums/ HTTP/1.1" 200 1739
0:0:0:0:0:0:0:1 - - [04/Jun/2019:22:00:34 +0200] "GET /albums/1/songs HTTP/1.1" 200 1839
0:0:0:0:0:0:0:1 - - [04/Jun/2019:22:00:36 +0200] "GET /albums/1/song/new? HTTP/1.1" 200 1877
0:0:0:0:0:0:0:1 - - [04/Jun/2019:22:00:49 +0200] "POST /albums/1/song/new? HTTP/1.1" 500 14572
0:0:0:0:0:0:0:1 - - [04/Jun/2019:22:01:29 +0200] "GET /albums HTTP/1.1" 200 1739
0:0:0:0:0:0:0:1 - - [04/Jun/2019:22:01:31 +0200] "GET /albums/1/songs HTTP/1.1" 200 1839
0:0:0:0:0:0:0:1 - - [04/Jun/2019:22:01:32 +0200] "GET /albums/1/song/new? HTTP/1.1" 200 1874
0:0:0:0:0:0:0:1 - - [04/Jun/2019:22:01:43 +0200] "POST /albums/1/song/new? HTTP/1.1" 302 -
0:0:0:0:0:0:0:1 - - [04/Jun/2019:22:01:43 +0200] "GET /albums/1/songs HTTP/1.1" 200 2137
0:0:0:0:0:0:0:1 - - [04/Jun/2019:22:01:56 +0200] "GET /albums/1/song/new? HTTP/1.1" 200 1910
0:0:0:0:0:0:0:1 - - [04/Jun/2019:22:02:04 +0200] "POST /albums/1/song/new? HTTP/1.1" 302 -
0:0:0:0:0:0:0:1 - - [04/Jun/2019:22:02:04 +0200] "GET /albums/1/songs HTTP/1.1" 200 2432
0:0:0:0:0:0:0:1 - - [04/Jun/2019:22:02:08 +0200] "GET /albums/1/song/new? HTTP/1.1" 200 1947
0:0:0:0:0:0:0:1 - - [04/Jun/2019:22:02:13 +0200] "POST /albums/1/song/new? HTTP/1.1" 302 -
0:0:0:0:0:0:0:1 - - [04/Jun/2019:22:02:13 +0200] "GET /albums/1/songs HTTP/1.1" 200 2731
0:0:0:0:0:0:0:1 - - [04/Jun/2019:22:02:23 +0200] "GET /genres HTTP/1.1" 200 2172
0:0:0:0:0:0:0:1 - - [04/Jun/2019:22:02:25 +0200] "GET /genres/13/update HTTP/1.1" 200 1179
0:0:0:0:0:0:0:1 - - [04/Jun/2019:22:03:51 +0200] "GET /albums HTTP/1.1" 200 1739
0:0:0:0:0:0:0:1 - - [04/Jun/2019:22:03:52 +0200] "GET /albums/1/songs HTTP/1.1" 200 1839
0:0:0:0:0:0:0:1 - - [04/Jun/2019:22:03:54 +0200] "GET /albums/1/song/new? HTTP/1.1" 200 1864
0:0:0:0:0:0:0:1 - - [04/Jun/2019:22:03:58 +0200] "POST /albums/1/song/new? HTTP/1.1" 302 -
0:0:0:0:0:0:0:1 - - [04/Jun/2019:22:03:58 +0200] "GET /albums/1/songs HTTP/1.1" 200 2139
0:0:0:0:0:0:0:1 - - [04/Jun/2019:22:04:03 +0200] "GET /albums/1/song/new? HTTP/1.1" 200 1864
0:0:0:0:0:0:0:1 - - [04/Jun/2019:22:04:12 +0200] "POST /albums/1/song/new? HTTP/1.1" 302 -
0:0:0:0:0:0:0:1 - - [04/Jun/2019:22:04:12 +0200] "GET /albums/1/songs HTTP/1.1" 200 2439
0:0:0:0:0:0:0:1 - - [04/Jun/2019:22:04:17 +0200] "GET /genres HTTP/1.1" 200 1685
0:0:0:0:0:0:0:1 - - [04/Jun/2019:22:04:19 +0200] "GET /albums HTTP/1.1" 200 1739
0:0:0:0:0:0:0:1 - - [04/Jun/2019:22:04:26 +0200] "GET /genres HTTP/1.1" 200 1685
0:0:0:0:0:0:0:1 - - [04/Jun/2019:22:18:58 +0200] "GET /albums HTTP/1.1" 200 1739
0:0:0:0:0:0:0:1 - - [04/Jun/2019:22:18:58 +0200] "GET /albums HTTP/1.1" 200 1739
0:0:0:0:0:0:0:1 - - [04/Jun/2019:22:19:00 +0200] "GET /genres HTTP/1.1" 200 1685
0:0:0:0:0:0:0:1 - - [04/Jun/2019:22:19:01 +0200] "GET /albums HTTP/1.1" 200 1739
0:0:0:0:0:0:0:1 - - [04/Jun/2019:22:19:02 +0200] "GET /albums/1/songs HTTP/1.1" 200 1695
0:0:0:0:0:0:0:1 - - [04/Jun/2019:22:19:03 +0200] "GET /albums/1/song/7/update HTTP/1.1" 404 307
0:0:0:0:0:0:0:1 - - [04/Jun/2019:22:20:02 +0200] "GET /albums HTTP/1.1" 200 1739
0:0:0:0:0:0:0:1 - - [04/Jun/2019:22:20:04 +0200] "GET /albums/1/songs HTTP/1.1" 200 1776
0:0:0:0:0:0:0:1 - - [04/Jun/2019:22:20:06 +0200] "GET /albums/1/songs/7/update HTTP/1.1" 200 1772
127.0.0.1 - - [04/Jun/2019:22:28:53 +0200] "GET /albums HTTP/1.1" 200 1739
127.0.0.1 - - [04/Jun/2019:22:28:53 +0200] "GET /albums HTTP/1.1" 200 1739
127.0.0.1 - - [04/Jun/2019:22:28:54 +0200] "GET /albums HTTP/1.1" 200 1739
127.0.0.1 - - [04/Jun/2019:22:28:54 +0200] "GET /albums HTTP/1.1" 200 1739
127.0.0.1 - - [04/Jun/2019:22:28:55 +0200] "GET /albums/1/songs HTTP/1.1" 200 1776
127.0.0.1 - - [04/Jun/2019:22:29:00 +0200] "GET /albums/1/songs/7/update HTTP/1.1" 200 1905
127.0.0.1 - - [04/Jun/2019:22:29:03 +0200] "GET /genres HTTP/1.1" 200 1685
127.0.0.1 - - [04/Jun/2019:22:29:05 +0200] "GET /genres/5/update HTTP/1.1" 200 1183
127.0.0.1 - - [04/Jun/2019:22:29:07 +0200] "GET /albums HTTP/1.1" 200 1739
127.0.0.1 - - [04/Jun/2019:22:29:09 +0200] "GET /albums/2/songs HTTP/1.1" 200 1776
127.0.0.1 - - [04/Jun/2019:22:29:11 +0200] "GET /albums/2/songs/8/update HTTP/1.1" 200 1905
127.0.0.1 - - [04/Jun/2019:22:29:15 +0200] "POST /albums/2/songs/8/update HTTP/1.1" 500 13575
0:0:0:0:0:0:0:1 - - [04/Jun/2019:22:29:45 +0200] "GET /albums HTTP/1.1" 200 1739
0:0:0:0:0:0:0:1 - - [04/Jun/2019:22:29:46 +0200] "GET /genres HTTP/1.1" 200 1685
0:0:0:0:0:0:0:1 - - [04/Jun/2019:22:29:47 +0200] "GET /albums HTTP/1.1" 200 1739
0:0:0:0:0:0:0:1 - - [04/Jun/2019:22:29:48 +0200] "GET /albums/1/songs HTTP/1.1" 200 1776
0:0:0:0:0:0:0:1 - - [04/Jun/2019:22:30:42 +0200] "GET /albums HTTP/1.1" 200 1739
0:0:0:0:0:0:0:1 - - [04/Jun/2019:22:30:45 +0200] "GET /albums/1/songs HTTP/1.1" 200 1774
0:0:0:0:0:0:0:1 - - [04/Jun/2019:22:30:47 +0200] "GET /albums/1/songs/7/update HTTP/1.1" 200 1905
0:0:0:0:0:0:0:1 - - [04/Jun/2019:22:48:45 +0200] "GET /albums HTTP/1.1" 200 1739
0:0:0:0:0:0:0:1 - - [04/Jun/2019:22:48:48 +0200] "GET /albums/1/songs HTTP/1.1" 200 1774
0:0:0:0:0:0:0:1 - - [04/Jun/2019:22:48:50 +0200] "GET /albums/1/songs/7/update HTTP/1.1" 200 1905
0:0:0:0:0:0:0:1 - - [04/Jun/2019:22:48:55 +0200] "POST /albums/1/songs/7/update HTTP/1.1" 500 13575
0:0:0:0:0:0:0:1 - - [04/Jun/2019:22:50:16 +0200] "GET /albums/1/songs HTTP/1.1" 200 1774
0:0:0:0:0:0:0:1 - - [04/Jun/2019:22:50:18 +0200] "GET /albums/1/songs/7/update HTTP/1.1" 200 1905
0:0:0:0:0:0:0:1 - - [04/Jun/2019:22:50:20 +0200] "POST /albums/1/songs/7/update HTTP/1.1" 302 -
0:0:0:0:0:0:0:1 - - [04/Jun/2019:22:50:20 +0200] "GET /albums/1/song/ HTTP/1.1" 404 307
0:0:0:0:0:0:0:1 - - [04/Jun/2019:22:50:26 +0200] "GET /albums/1/songs/7/update HTTP/1.1" 200 1905
0:0:0:0:0:0:0:1 - - [04/Jun/2019:22:50:28 +0200] "POST /albums/1/songs/7/update HTTP/1.1" 302 -
0:0:0:0:0:0:0:1 - - [04/Jun/2019:22:50:29 +0200] "GET /albums/1/song/ HTTP/1.1" 404 307
0:0:0:0:0:0:0:1 - - [04/Jun/2019:22:50:33 +0200] "GET /albums/1/songs/7/update HTTP/1.1" 200 1905
0:0:0:0:0:0:0:1 - - [04/Jun/2019:22:50:37 +0200] "GET /albums HTTP/1.1" 200 1739
0:0:0:0:0:0:0:1 - - [04/Jun/2019:22:50:37 +0200] "GET /genres HTTP/1.1" 200 1685
0:0:0:0:0:0:0:1 - - [04/Jun/2019:22:50:38 +0200] "GET /albums HTTP/1.1" 200 1739
0:0:0:0:0:0:0:1 - - [04/Jun/2019:22:50:39 +0200] "GET /albums/1/songs HTTP/1.1" 200 1774
0:0:0:0:0:0:0:1 - - [04/Jun/2019:22:50:41 +0200] "GET /albums/1/songs/7/update HTTP/1.1" 200 1905
0:0:0:0:0:0:0:1 - - [04/Jun/2019:22:50:44 +0200] "POST /albums/1/songs/7/update HTTP/1.1" 302 -
0:0:0:0:0:0:0:1 - - [04/Jun/2019:22:50:44 +0200] "GET /albums/1/song/ HTTP/1.1" 404 307
0:0:0:0:0:0:0:1 - - [04/Jun/2019:22:50:45 +0200] "GET /albums/1/songs/7/update HTTP/1.1" 200 1905
0:0:0:0:0:0:0:1 - - [04/Jun/2019:22:50:46 +0200] "GET /albums HTTP/1.1" 200 1739
0:0:0:0:0:0:0:1 - - [04/Jun/2019:22:50:47 +0200] "GET /albums/1/songs HTTP/1.1" 200 1774
127.0.0.1 - - [04/Jun/2019:22:51:21 +0200] "GET /genres HTTP/1.1" 200 1685
127.0.0.1 - - [04/Jun/2019:22:51:24 +0200] "GET /genres/4/update HTTP/1.1" 200 1183
127.0.0.1 - - [04/Jun/2019:22:51:27 +0200] "POST /genres/4/update HTTP/1.1" 302 -
127.0.0.1 - - [04/Jun/2019:22:51:27 +0200] "GET /genres HTTP/1.1" 200 1686
127.0.0.1 - - [04/Jun/2019:22:51:29 +0200] "GET /albums HTTP/1.1" 200 1739
127.0.0.1 - - [04/Jun/2019:22:51:30 +0200] "GET /albums/1/songs HTTP/1.1" 200 1775
127.0.0.1 - - [04/Jun/2019:22:51:32 +0200] "GET /albums/1/songs/10/update HTTP/1.1" 200 1907
127.0.0.1 - - [04/Jun/2019:22:51:43 +0200] "POST /albums/1/songs/10/update HTTP/1.1" 302 -
127.0.0.1 - - [04/Jun/2019:22:51:43 +0200] "GET /albums/1/songs/ HTTP/1.1" 200 1780
127.0.0.1 - - [04/Jun/2019:22:51:48 +0200] "GET /albums HTTP/1.1" 200 1739
127.0.0.1 - - [04/Jun/2019:22:51:49 +0200] "GET /albums HTTP/1.1" 200 1739
