0:0:0:0:0:0:0:1 - - [25/May/2019:11:33:27 +0200] "GET /employees HTTP/1.1" 200 1583
0:0:0:0:0:0:0:1 - - [25/May/2019:11:33:29 +0200] "GET /employees HTTP/1.1" 200 1583
0:0:0:0:0:0:0:1 - - [25/May/2019:11:33:29 +0200] "GET /employees HTTP/1.1" 200 1583
0:0:0:0:0:0:0:1 - - [25/May/2019:11:48:33 +0200] "GET /employees HTTP/1.1" 200 1583
0:0:0:0:0:0:0:1 - - [25/May/2019:12:02:53 +0200] "GET /employees HTTP/1.1" 200 1583
0:0:0:0:0:0:0:1 - - [25/May/2019:12:02:54 +0200] "GET /employees/1/entries HTTP/1.1" 200 1962
0:0:0:0:0:0:0:1 - - [25/May/2019:12:03:10 +0200] "GET /employees HTTP/1.1" 200 1583
0:0:0:0:0:0:0:1 - - [25/May/2019:12:03:36 +0200] "GET /employees/5/entries HTTP/1.1" 200 1987
0:0:0:0:0:0:0:1 - - [25/May/2019:12:03:40 +0200] "GET /employees HTTP/1.1" 200 1583
0:0:0:0:0:0:0:1 - - [25/May/2019:12:03:43 +0200] "GET /employees/9/entries HTTP/1.1" 200 1724
0:0:0:0:0:0:0:1 - - [25/May/2019:12:05:57 +0200] "GET /employees/9/entries/new? HTTP/1.1" 404 307
0:0:0:0:0:0:0:1 - - [25/May/2019:12:13:37 +0200] "GET /employees HTTP/1.1" 200 1583
0:0:0:0:0:0:0:1 - - [25/May/2019:12:13:38 +0200] "GET /employees/1/entries HTTP/1.1" 200 1962
0:0:0:0:0:0:0:1 - - [25/May/2019:12:13:39 +0200] "GET /employees/1/entries/new? HTTP/1.1" 500 11388
0:0:0:0:0:0:0:1 - - [25/May/2019:12:13:51 +0200] "GET /employees/1/entries/4/update HTTP/1.1" 404 307
0:0:0:0:0:0:0:1 - - [25/May/2019:12:13:54 +0200] "GET /employees/1/entries/new? HTTP/1.1" 500 11388
0:0:0:0:0:0:0:1 - - [25/May/2019:12:14:57 +0200] "GET /employees/1/entries/3/update HTTP/1.1" 404 307
0:0:0:0:0:0:0:1 - - [25/May/2019:12:15:02 +0200] "GET /employees/1/entries/new? HTTP/1.1" 500 11388
0:0:0:0:0:0:0:1 - - [25/May/2019:12:20:03 +0200] "GET /employees HTTP/1.1" 200 1583
0:0:0:0:0:0:0:1 - - [25/May/2019:12:20:04 +0200] "GET /employees/1/entries HTTP/1.1" 200 1962
0:0:0:0:0:0:0:1 - - [25/May/2019:12:20:05 +0200] "GET /employees/1/entries/new? HTTP/1.1" 200 1581
0:0:0:0:0:0:0:1 - - [25/May/2019:12:20:14 +0200] "POST /employees/1/entries/new? HTTP/1.1" 302 -
0:0:0:0:0:0:0:1 - - [25/May/2019:12:20:14 +0200] "GET /employees/1/entries HTTP/1.1" 200 2220
0:0:0:0:0:0:0:1 - - [25/May/2019:12:20:17 +0200] "GET /employees/1/entries/new? HTTP/1.1" 200 1581
0:0:0:0:0:0:0:1 - - [25/May/2019:12:20:19 +0200] "POST /employees/1/entries/new? HTTP/1.1" 302 -
0:0:0:0:0:0:0:1 - - [25/May/2019:12:20:19 +0200] "GET /employees/1/entries HTTP/1.1" 200 2480
0:0:0:0:0:0:0:1 - - [25/May/2019:12:20:20 +0200] "GET /employees/1/entries/new? HTTP/1.1" 200 1581
0:0:0:0:0:0:0:1 - - [25/May/2019:12:20:21 +0200] "POST /employees/1/entries/new? HTTP/1.1" 302 -
0:0:0:0:0:0:0:1 - - [25/May/2019:12:20:21 +0200] "GET /employees/1/entries HTTP/1.1" 200 2733
0:0:0:0:0:0:0:1 - - [25/May/2019:12:25:49 +0200] "GET /employees/1/entries HTTP/1.1" 200 1962
0:0:0:0:0:0:0:1 - - [25/May/2019:12:25:51 +0200] "GET /employees/1/entries/3/update HTTP/1.1" 200 1594
0:0:0:0:0:0:0:1 - - [25/May/2019:12:25:55 +0200] "POST /employees/1/entries/3/update HTTP/1.1" 302 -
0:0:0:0:0:0:0:1 - - [25/May/2019:12:25:55 +0200] "GET /employees/1/entries HTTP/1.1" 200 2221
0:0:0:0:0:0:0:1 - - [25/May/2019:12:25:56 +0200] "GET /employees/1/entries/3/update HTTP/1.1" 200 1594
0:0:0:0:0:0:0:1 - - [25/May/2019:12:25:58 +0200] "POST /employees/1/entries/3/update HTTP/1.1" 302 -
0:0:0:0:0:0:0:1 - - [25/May/2019:12:25:58 +0200] "GET /employees/1/entries HTTP/1.1" 200 2482
0:0:0:0:0:0:0:1 - - [25/May/2019:12:26:01 +0200] "GET /employees/1/entries/3/update HTTP/1.1" 200 1594
0:0:0:0:0:0:0:1 - - [25/May/2019:12:26:03 +0200] "POST /employees/1/entries/3/update HTTP/1.1" 302 -
0:0:0:0:0:0:0:1 - - [25/May/2019:12:26:03 +0200] "GET /employees/1/entries HTTP/1.1" 200 2746
0:0:0:0:0:0:0:1 - - [25/May/2019:12:26:06 +0200] "GET /employees/1/entries/14/update HTTP/1.1" 200 1601
0:0:0:0:0:0:0:1 - - [25/May/2019:12:26:43 +0200] "POST /employees/1/entries/14/update HTTP/1.1" 302 -
0:0:0:0:0:0:0:1 - - [25/May/2019:12:26:43 +0200] "GET /employees/1/entries HTTP/1.1" 200 3010
